2025-01-27 08:15:23.145 [INFO] System boot complete - NVIDIA Drive Orin
2025-01-27 08:15:23.267 [INFO] TensorRT Engine loaded: perception_net_fp16.engine
2025-01-27 08:15:23.389 [INFO] Camera pipeline initialized: 4x GMSL2 cameras @ 30fps
2025-01-27 08:15:24.012 [PERF] Frame 0001: Inference latency: 45.2ms, E2E latency: 78.3ms
2025-01-27 08:15:24.078 [PERF] Frame 0002: Inference latency: 43.8ms, E2E latency: 76.9ms
2025-01-27 08:15:24.145 [PERF] Frame 0003: Inference latency: 44.1ms, E2E latency: 77.5ms
2025-01-27 08:15:24.212 [PERF] Frame 0004: Inference latency: 46.3ms, E2E latency: 79.8ms
2025-01-27 08:15:24.278 [PERF] Frame 0005: Inference latency: 43.9ms, E2E latency: 77.2ms
2025-01-27 08:15:24.345 [WARN] GPU thermal throttling detected: 82°C
2025-01-27 08:15:24.412 [PERF] Frame 0006: Inference latency: 52.7ms, E2E latency: 89.4ms
2025-01-27 08:15:24.523 [PERF] Frame 0007: Inference latency: 108.3ms, E2E latency: 145.7ms
2025-01-27 08:15:24.634 [ERROR] Frame drop detected on camera_fl: buffer overflow
2025-01-27 08:15:24.701 [PERF] Frame 0008: Inference latency: 125.6ms, E2E latency: 163.2ms
2025-01-27 08:15:24.768 [PERF] Frame 0009: Inference latency: 47.8ms, E2E latency: 82.1ms
2025-01-27 08:15:24.835 [INFO] GPU thermal normal: 76°C
2025-01-27 08:15:24.901 [PERF] Frame 0010: Inference latency: 44.5ms, E2E latency: 78.9ms
2025-01-27 08:15:24.968 [PERF] Frame 0011: Inference latency: 43.2ms, E2E latency: 77.6ms
2025-01-27 08:15:25.034 [PERF] Frame 0012: Inference latency: 45.8ms, E2E latency: 80.3ms
2025-01-27 08:15:25.101 [PERF] Frame 0013: Inference latency: 44.1ms, E2E latency: 78.7ms
2025-01-27 08:15:25.168 [PERF] Frame 0014: Inference latency: 46.9ms, E2E latency: 81.5ms
2025-01-27 08:15:25.234 [PERF] Frame 0015: Inference latency: 43.7ms, E2E latency: 78.2ms
2025-01-27 08:15:25.301 [PERF] Frame 0016: Inference latency: 44.3ms, E2E latency: 79.1ms
2025-01-27 08:15:25.368 [PERF] Frame 0017: Inference latency: 45.6ms, E2E latency: 80.4ms
2025-01-27 08:15:25.489 [WARN] DLA0 context switch overhead detected
2025-01-27 08:15:25.556 [PERF] Frame 0018: Inference latency: 98.4ms, E2E latency: 134.7ms
2025-01-27 08:15:25.623 [PERF] Frame 0019: Inference latency: 46.1ms, E2E latency: 81.8ms
2025-01-27 08:15:25.690 [PERF] Frame 0020: Inference latency: 44.8ms, E2E latency: 79.5ms
2025-01-27 08:15:25.756 [INFO] Object detection: 12 vehicles, 3 pedestrians, 2 cyclists
2025-01-27 08:15:25.823 [PERF] Frame 0021: Inference latency: 43.5ms, E2E latency: 78.1ms
2025-01-27 08:15:25.890 [PERF] Frame 0022: Inference latency: 45.2ms, E2E latency: 80.6ms
2025-01-27 08:15:25.957 [PERF] Frame 0023: Inference latency: 44.7ms, E2E latency: 79.3ms
2025-01-27 08:15:26.067 [PERF] Frame 0024: Inference latency: 112.8ms, E2E latency: 151.4ms
2025-01-27 08:15:26.134 [WARN] Memory bandwidth saturation: 95% utilization
2025-01-27 08:15:26.201 [PERF] Frame 0025: Inference latency: 87.3ms, E2E latency: 124.9ms
2025-01-27 08:15:26.268 [PERF] Frame 0026: Inference latency: 46.4ms, E2E latency: 82.1ms
2025-01-27 08:15:26.334 [PERF] Frame 0027: Inference latency: 44.9ms, E2E latency: 79.8ms
2025-01-27 08:15:26.401 [PERF] Frame 0028: Inference latency: 43.8ms, E2E latency: 78.5ms
2025-01-27 08:15:26.468 [PERF] Frame 0029: Inference latency: 45.1ms, E2E latency: 80.2ms
2025-01-27 08:15:26.535 [PERF] Frame 0030: Inference latency: 44.6ms, E2E latency: 79.4ms
2025-01-27 08:15:26.601 [INFO] CPU load: 67%, GPU load: 89%, DLA0: 72%, DLA1: 68%
2025-01-27 08:15:26.668 [PERF] Frame 0031: Inference latency: 46.8ms, E2E latency: 82.5ms
2025-01-27 08:15:26.735 [PERF] Frame 0032: Inference latency: 43.4ms, E2E latency: 78.9ms
2025-01-27 08:15:26.801 [PERF] Frame 0033: Inference latency: 44.2ms, E2E latency: 79.1ms
2025-01-27 08:15:26.912 [ERROR] ISP pipeline stall detected on camera_rr
2025-01-27 08:15:26.979 [PERF] Frame 0034: Inference latency: 134.7ms, E2E latency: 172.3ms
2025-01-27 08:15:27.046 [PERF] Frame 0035: Inference latency: 91.2ms, E2E latency: 128.8ms
2025-01-27 08:15:27.113 [PERF] Frame 0036: Inference latency: 48.5ms, E2E latency: 84.2ms
2025-01-27 08:15:27.179 [INFO] ISP pipeline recovered
2025-01-27 08:15:27.246 [PERF] Frame 0037: Inference latency: 45.7ms, E2E latency: 81.3ms
2025-01-27 08:15:27.313 [PERF] Frame 0038: Inference latency: 44.3ms, E2E latency: 79.5ms
2025-01-27 08:15:27.380 [PERF] Frame 0039: Inference latency: 43.9ms, E2E latency: 78.7ms
2025-01-27 08:15:27.446 [PERF] Frame 0040: Inference latency: 46.1ms, E2E latency: 81.9ms
2025-01-27 08:15:27.513 [PERF] Frame 0041: Inference latency: 44.8ms, E2E latency: 80.1ms
2025-01-27 08:15:27.580 [PERF] Frame 0042: Inference latency: 45.3ms, E2E latency: 80.8ms
2025-01-27 08:15:27.646 [PERF] Frame 0043: Inference latency: 43.6ms, E2E latency: 78.4ms
2025-01-27 08:15:27.713 [PERF] Frame 0044: Inference latency: 44.9ms, E2E latency: 79.9ms
2025-01-27 08:15:27.780 [PERF] Frame 0045: Inference latency: 46.7ms, E2E latency: 82.3ms
2025-01-27 08:15:27.847 [INFO] Lane detection confidence: 0.94, Road segmentation: 98.2%
2025-01-27 08:15:27.913 [PERF] Frame 0046: Inference latency: 43.2ms, E2E latency: 78.1ms
2025-01-27 08:15:27.980 [PERF] Frame 0047: Inference latency: 45.8ms, E2E latency: 81.5ms
2025-01-27 08:15:28.047 [PERF] Frame 0048: Inference latency: 44.5ms, E2E latency: 79.8ms
2025-01-27 08:15:28.114 [PERF] Frame 0049: Inference latency: 46.2ms, E2E latency: 81.7ms
2025-01-27 08:15:28.180 [PERF] Frame 0050: Inference latency: 43.7ms, E2E latency: 78.6ms
2025-01-27 08:15:28.247 [INFO] Performance summary: Avg inference: 52.3ms, 99th percentile: 134.7ms